12/16/2012 11:46:52 PM	=======================================
12/16/2012 11:46:52 PM	application started...
12/16/2012 11:46:52 PM	Initialize socket client connection...
12/16/2012 11:46:52 PM	first time connect to server...
12/16/2012 11:46:53 PM	Socket error: Connection is forcefully rejected
12/16/2012 11:46:53 PM	initialize socket client monitoring...
12/16/2012 11:46:53 PM	initialize printer...
1/5/2013 8:46:02 PM	=======================================
1/5/2013 8:46:02 PM	application started...
1/5/2013 8:46:02 PM	Initialize socket client connection...
1/5/2013 8:46:02 PM	first time connect to server...
1/5/2013 8:46:03 PM	Socket error: Connection is forcefully rejected
1/5/2013 8:46:03 PM	initialize socket client monitoring...
1/5/2013 8:46:03 PM	initialize printer...
1/5/2013 8:46:04 PM	Printer status : True
1/5/2013 8:46:06 PM	initialize printer status monitoring...
1/5/2013 8:46:06 PM	initialize card dispenser status monitoring...
1/5/2013 8:46:06 PM	initialize smart payout...
1/5/2013 8:46:07 PM	run smart payout...
1/5/2013 8:46:07 PM	reset and initialize ACS ACR128U ICC...
1/5/2013 8:46:07 PM	initialize MyKad reader...
1/5/2013 8:46:23 PM	Socket error: Connection is forcefully rejected
13/01/2013 0:53:13	=======================================
13/01/2013 0:53:13	application started...
13/01/2013 0:53:13	Initialize socket client connection...
13/01/2013 0:53:13	first time connect to server...
13/01/2013 0:53:14	Socket error: Connection is forcefully rejected
13/01/2013 0:53:14	initialize socket client monitoring...
13/01/2013 0:53:14	initialize printer...
13/01/2013 0:59:04	=======================================
13/01/2013 0:59:04	application started...
13/01/2013 0:59:04	Initialize socket client connection...
13/01/2013 0:59:04	initialize socket client monitoring...
13/01/2013 0:59:04	initialize printer...
13/01/2013 0:59:04	initialize printer status monitoring...
13/01/2013 0:59:04	initialize card dispenser status monitoring...
13/01/2013 0:59:04	initialize smart payout...
13/01/2013 0:59:04	run smart payout...
13/01/2013 0:59:04	reset and initialize ACS ACR128U ICC...
13/01/2013 1:00:34	=======================================
13/01/2013 1:00:34	application started...
13/01/2013 1:00:34	Initialize socket client connection...
13/01/2013 1:00:34	initialize socket client monitoring...
13/01/2013 1:00:34	initialize printer...
13/01/2013 1:00:34	initialize printer status monitoring...
13/01/2013 1:00:34	initialize card dispenser status monitoring...
13/01/2013 1:00:34	initialize smart payout...
13/01/2013 1:00:34	run smart payout...
13/01/2013 1:00:34	reset and initialize ACS ACR128U ICC...
13/01/2013 1:01:07	=======================================
13/01/2013 1:01:07	application started...
13/01/2013 1:01:07	Initialize socket client connection...
13/01/2013 1:01:07	initialize socket client monitoring...
13/01/2013 1:01:07	initialize printer...
13/01/2013 1:01:07	initialize printer status monitoring...
13/01/2013 1:01:07	initialize card dispenser status monitoring...
13/01/2013 1:01:07	initialize smart payout...
13/01/2013 1:01:07	run smart payout...
13/01/2013 1:01:07	reset and initialize ACS ACR128U ICC...
13/01/2013 1:14:42	=======================================
13/01/2013 1:14:42	application started...
13/01/2013 1:14:42	Initialize socket client connection...
13/01/2013 1:15:33	=======================================
13/01/2013 1:15:33	application started...
13/01/2013 1:15:33	Initialize socket client connection...
13/01/2013 1:15:33	first time connect to server...5555
13/01/2013 1:15:35	Socket error: Connection is forcefully rejected
13/01/2013 1:15:35	initialize socket client monitoring...
13/01/2013 1:15:35	initialize printer...
13/01/2013 1:15:35	initialize printer status monitoring...
13/01/2013 1:15:35	initialize card dispenser status monitoring...
13/01/2013 1:15:35	initialize smart payout...
13/01/2013 1:15:35	run smart payout...
13/01/2013 1:15:35	reset and initialize ACS ACR128U ICC...
13/01/2013 1:28:52	=======================================
13/01/2013 1:28:52	application started...
13/01/2013 1:28:52	Initialize socket client connection...
13/01/2013 1:28:52	first time connect to server...5555
13/01/2013 1:28:53	Socket error: Connection is forcefully rejected
13/01/2013 1:28:53	initialize socket client monitoring...
13/01/2013 1:28:53	initialize printer...
13/01/2013 1:28:53	initialize printer status monitoring...
13/01/2013 1:28:53	initialize card dispenser status monitoring...
13/01/2013 1:28:53	initialize smart payout...
13/01/2013 1:28:53	run smart payout...
13/01/2013 1:28:53	reset and initialize ACS ACR128U ICC...
13/01/2013 14:26:57	=======================================
13/01/2013 14:26:57	application started...
13/01/2013 14:26:57	Initialize socket client connection...
13/01/2013 14:26:57	first time connect to server...5555
13/01/2013 14:26:58	Socket error: Connection is forcefully rejected
13/01/2013 14:26:58	initialize socket client monitoring...
13/01/2013 14:26:58	initialize printer...
13/01/2013 14:26:58	initialize printer status monitoring...
13/01/2013 14:26:58	initialize card dispenser status monitoring...
13/01/2013 14:26:58	initialize smart payout...
13/01/2013 14:26:58	run smart payout...
13/01/2013 14:26:58	reset and initialize ACS ACR128U ICC...
13/01/2013 14:33:03	=======================================
13/01/2013 14:33:03	application started...
13/01/2013 14:33:03	Initialize socket client connection...
13/01/2013 14:33:03	first time connect to server...5555
13/01/2013 14:33:04	Socket error: Connection is forcefully rejected
13/01/2013 14:33:04	initialize socket client monitoring...
13/01/2013 14:33:04	initialize printer...
13/01/2013 14:33:04	initialize printer status monitoring...
13/01/2013 14:33:04	initialize card dispenser status monitoring...
13/01/2013 14:33:04	initialize smart payout...
13/01/2013 14:33:04	run smart payout...
13/01/2013 14:33:04	reset and initialize ACS ACR128U ICC...
13/01/2013 15:31:28	=======================================
13/01/2013 15:31:28	application started...
13/01/2013 15:31:28	Initialize socket client connection...
13/01/2013 15:31:28	first time connect to server...
13/01/2013 15:31:37	=======================================
13/01/2013 15:31:37	application started...
13/01/2013 15:31:37	Initialize socket client connection...
13/01/2013 15:31:37	first time connect to server...
13/01/2013 15:46:01	=======================================
13/01/2013 15:46:01	application started...
13/01/2013 15:46:01	Initialize socket client connection...
22/01/2013 10:12:15	=======================================
22/01/2013 10:12:15	application started...
22/01/2013 10:12:15	Initialize database & socket client connection...
22/01/2013 10:12:22	=======================================
22/01/2013 10:12:22	application started...
22/01/2013 10:12:22	Initialize database & socket client connection...
6/24/2014 1:56:07 AM	=======================================
6/24/2014 1:56:07 AM	application started...
6/24/2014 1:56:07 AM	Initialize database & socket client connection...
6/24/2014 1:58:16 AM	=======================================
6/24/2014 1:58:16 AM	application started...
6/24/2014 1:58:16 AM	Initialize database & socket client connection...
6/24/2014 3:44:59 AM	=======================================
6/24/2014 3:44:59 AM	application started...
6/24/2014 3:44:59 AM	Initialize database & socket client connection...
6/24/2014 3:45:44 AM	=======================================
6/24/2014 3:45:44 AM	application started...
6/24/2014 3:45:44 AM	Initialize database & socket client connection...
6/24/2014 3:49:10 AM	=======================================
6/24/2014 3:49:10 AM	application started...
6/24/2014 3:49:10 AM	Initialize database & socket client connection...
6/24/2014 4:01:10 AM	=======================================
6/24/2014 4:01:10 AM	application started...
6/24/2014 4:01:10 AM	Initialize database & socket client connection...
6/24/2014 4:09:59 AM	=======================================
6/24/2014 4:09:59 AM	application started...
6/24/2014 4:09:59 AM	Initialize database & socket client connection...
6/24/2014 4:19:43 AM	=======================================
6/24/2014 4:19:43 AM	application started...
6/24/2014 4:19:43 AM	Initialize database & socket client connection...
6/24/2014 4:26:36 AM	=======================================
6/24/2014 4:26:36 AM	application started...
6/24/2014 4:26:36 AM	Initialize database & socket client connection...
6/24/2014 4:26:37 AM	Socket error: Connection is forcefully rejected
6/24/2014 4:26:37 AM	initialize socket client monitoring...
6/24/2014 4:26:37 AM	initialize printer...
6/24/2014 4:26:37 AM	Printer status : True
6/24/2014 4:26:39 AM	initialize printer status monitoring...
6/24/2014 4:27:04 AM	Socket error: Connection is forcefully rejected
6/24/2014 4:27:11 AM	Printer status receiving:1, status (Hex):A
6/24/2014 4:27:11 AM	send message to server : [0008NQ0201AB]
6/24/2014 4:27:11 AM	send message to server : [0008NQ0201AD]
6/24/2014 4:27:19 AM	Printer status receiving:2, status (Hex):8
6/24/2014 4:27:19 AM	send message to server : [0008NQ020100]
6/24/2014 4:27:19 AM	send message to server : [0008NQ0201AD]
6/24/2014 4:27:23 AM	Socket error: Connection is forcefully rejected
6/24/2014 4:27:34 AM	Printer status receiving:3, status (Hex):0
6/24/2014 4:27:34 AM	send message to server : [0008NQ020100]
6/24/2014 4:27:34 AM	Printer status receiving:4, status (Hex):8
6/24/2014 4:27:34 AM	send message to server : [0008NQ020100]
6/24/2014 4:27:34 AM	send message to server : [0008NQ0201AD]
6/24/2014 4:27:34 AM	Printer status receiving:5, status (Hex):0
6/24/2014 4:27:34 AM	send message to server : [0008NQ020100]
6/24/2014 4:27:34 AM	Printer status receiving:6, status (Hex):8
6/24/2014 4:27:34 AM	send message to server : [0008NQ020100]
6/24/2014 4:27:34 AM	send message to server : [0008NQ0201AD]
6/24/2014 4:27:34 AM	Printer status receiving:7, status (Hex):0
6/24/2014 4:27:34 AM	send message to server : [0008NQ020100]
6/24/2014 4:27:49 AM	Socket error: Connection is forcefully rejected
6/24/2014 4:27:55 AM	Socket error: Connection is forcefully rejected
6/24/2014 4:28:47 AM	=======================================
6/24/2014 4:28:47 AM	application started...
6/24/2014 4:28:47 AM	Initialize database & socket client connection...
6/24/2014 4:28:48 AM	Socket error: Connection is forcefully rejected
6/24/2014 4:28:48 AM	initialize socket client monitoring...
6/24/2014 4:28:48 AM	initialize printer...
6/24/2014 4:28:48 AM	Printer status : True
6/24/2014 4:28:50 AM	initialize printer status monitoring...
6/24/2014 4:28:55 AM	Socket error: Connection is forcefully rejected
6/24/2014 4:29:33 AM	=======================================
6/24/2014 4:29:33 AM	application started...
6/24/2014 4:29:33 AM	Initialize database & socket client connection...
6/24/2014 4:29:34 AM	Socket error: Connection is forcefully rejected
6/24/2014 4:29:34 AM	initialize socket client monitoring...
6/24/2014 4:29:34 AM	initialize printer...
6/24/2014 4:29:34 AM	Printer status : True
6/24/2014 4:29:36 AM	initialize printer status monitoring...
6/24/2014 4:46:00 AM	receive message length from server : [0642]
6/24/2014 4:46:00 AM	receive data from server : [RQ0201  000524^BE    PT. INDO CIPTA GUNA ^C^SL    TANGGAL JAM   : 24/06/2014 04:46 ^C^SL    KIOSK ID      : KIOSK001 ^C^SL    LOKASI        : Lippo Cikarang ^C^SL    NO REF        : 140624000524 ^C^SL ^C^SE    PEMBELIAN VOUCHER FLEXI ^C^SL    NO HANDPHONE  : 03419208000 ^C^SL    NO SERI       : 2014062400000442 ^C^SL    DENOMINASI    : Rp.             5.000 ^C^SL    TOTAL HARGA   : Rp.             6.000 ^C^SL    PEMBAYARAN===========================^C^SL    UANG TUNAI    : Rp.            10.000 ^C^SL    UANG KEMBALI  : Rp.             4.000 ^C^SL ^C^SE    PULSA ANDA AKAN BERTAMBAH SECARA OTOMATIS ^C^SE    TERIMA KASIH ^C^SL ^C^SL ^C^X]
6/24/2014 4:46:00 AM	text to print : [^BE    PT. INDO CIPTA GUNA ^C^SL    TANGGAL JAM   : 24/06/2014 04:46 ^C^SL    KIOSK ID      : KIOSK001 ^C^SL    LOKASI        : Lippo Cikarang ^C^SL    NO REF        : 140624000524 ^C^SL ^C^SE    PEMBELIAN VOUCHER FLEXI ^C^SL    NO HANDPHONE  : 03419208000 ^C^SL    NO SERI       : 2014062400000442 ^C^SL    DENOMINASI    : Rp.             5.000 ^C^SL    TOTAL HARGA   : Rp.             6.000 ^C^SL    PEMBAYARAN===========================^C^SL    UANG TUNAI    : Rp.            10.000 ^C^SL    UANG KEMBALI  : Rp.             4.000 ^C^SL ^C^SE    PULSA ANDA AKAN BERTAMBAH SECARA OTOMATIS ^C^SE    TERIMA KASIH ^C^SL ^C^SL ^C^X]
6/24/2014 4:46:01 AM	send message to server : [0642RS020100000524^BE    PT. INDO CIPTA GUNA ^C^SL    TANGGAL JAM   : 24/06/2014 04:46 ^C^SL    KIOSK ID      : KIOSK001 ^C^SL    LOKASI        : Lippo Cikarang ^C^SL    NO REF        : 140624000524 ^C^SL ^C^SE    PEMBELIAN VOUCHER FLEXI ^C^SL    NO HANDPHONE  : 03419208000 ^C^SL    NO SERI       : 2014062400000442 ^C^SL    DENOMINASI    : Rp.             5.000 ^C^SL    TOTAL HARGA   : Rp.             6.000 ^C^SL    PEMBAYARAN===========================^C^SL    UANG TUNAI    : Rp.            10.000 ^C^SL    UANG KEMBALI  : Rp.             4.000 ^C^SL ^C^SE    PULSA ANDA AKAN BERTAMBAH SECARA OTOMATIS ^C^SE    TERIMA KASIH ^C^SL ^C^SL ^C^X]
6/24/2014 4:52:33 AM	Socket error: Connection is aborted due to timeout or other failure
6/24/2014 8:44:24 AM	receive message length from server : [0639]
6/24/2014 8:44:24 AM	receive data from server : [RQ0201  000526^BE    PT. INDO CIPTA GUNA ^C^SL    TANGGAL JAM   : 24/06/2014 08:44 ^C^SL    KIOSK ID      : KIOSK001 ^C^SL    LOKASI        : Lippo Cikarang ^C^SL    NO REF        : 140624000526 ^C^SL ^C^SE    PEMBELIAN VOUCHER INDOSAT ^C^SL    NO HANDPHONE  : 085771737999 ^C^SL    NO SERI       : 1485549598 ^C^SL    DENOMINASI    : Rp.             5.000 ^C^SL    TOTAL HARGA   : Rp.             6.000 ^C^SL    PEMBAYARAN===========================^C^SL    UANG TUNAI    : Rp.             7.000 ^C^SL    UANG KEMBALI  : Rp.             1.000 ^C^SL ^C^SE    PULSA ANDA AKAN BERTAMBAH SECARA OTOMATIS ^C^SE    TERIMA KASIH ^C^SL ^C^SL ^C^X]
6/24/2014 8:44:24 AM	text to print : [^BE    PT. INDO CIPTA GUNA ^C^SL    TANGGAL JAM   : 24/06/2014 08:44 ^C^SL    KIOSK ID      : KIOSK001 ^C^SL    LOKASI        : Lippo Cikarang ^C^SL    NO REF        : 140624000526 ^C^SL ^C^SE    PEMBELIAN VOUCHER INDOSAT ^C^SL    NO HANDPHONE  : 085771737999 ^C^SL    NO SERI       : 1485549598 ^C^SL    DENOMINASI    : Rp.             5.000 ^C^SL    TOTAL HARGA   : Rp.             6.000 ^C^SL    PEMBAYARAN===========================^C^SL    UANG TUNAI    : Rp.             7.000 ^C^SL    UANG KEMBALI  : Rp.             1.000 ^C^SL ^C^SE    PULSA ANDA AKAN BERTAMBAH SECARA OTOMATIS ^C^SE    TERIMA KASIH ^C^SL ^C^SL ^C^X]
6/24/2014 8:44:25 AM	send message to server : [0639RS020100000526^BE    PT. INDO CIPTA GUNA ^C^SL    TANGGAL JAM   : 24/06/2014 08:44 ^C^SL    KIOSK ID      : KIOSK001 ^C^SL    LOKASI        : Lippo Cikarang ^C^SL    NO REF        : 140624000526 ^C^SL ^C^SE    PEMBELIAN VOUCHER INDOSAT ^C^SL    NO HANDPHONE  : 085771737999 ^C^SL    NO SERI       : 1485549598 ^C^SL    DENOMINASI    : Rp.             5.000 ^C^SL    TOTAL HARGA   : Rp.             6.000 ^C^SL    PEMBAYARAN===========================^C^SL    UANG TUNAI    : Rp.             7.000 ^C^SL    UANG KEMBALI  : Rp.             1.000 ^C^SL ^C^SE    PULSA ANDA AKAN BERTAMBAH SECARA OTOMATIS ^C^SE    TERIMA KASIH ^C^SL ^C^SL ^C^X]
6/25/2014 6:43:18 PM	Printer status receiving:1, status (Hex):0
6/25/2014 6:43:18 PM	send message to server : [0008NQ020100]
6/25/2014 6:47:20 PM	Printer status receiving:2, status (Hex):0
6/25/2014 6:47:20 PM	send message to server : [0008NQ020100]
6/25/2014 6:47:23 PM	Printer status receiving:3, status (Hex):1
6/25/2014 6:47:23 PM	send message to server : [0008NQ0201AA]
6/25/2014 6:47:34 PM	Printer status receiving:4, status (Hex):0
6/25/2014 6:47:34 PM	send message to server : [0008NQ020100]
6/25/2014 6:47:35 PM	Printer status receiving:5, status (Hex):0
6/25/2014 6:47:35 PM	send message to server : [0008NQ020100]
6/25/2014 6:47:36 PM	Printer status receiving:6, status (Hex):1
6/25/2014 6:47:36 PM	send message to server : [0008NQ0201AA]
6/25/2014 7:03:11 PM	Printer status receiving:7, status (Hex):0
6/25/2014 7:03:11 PM	send message to server : [0008NQ020100]
6/25/2014 7:03:14 PM	Printer status receiving:8, status (Hex):0
6/25/2014 7:03:14 PM	send message to server : [0008NQ020100]
6/25/2014 7:03:15 PM	Printer status receiving:9, status (Hex):1
6/25/2014 7:03:15 PM	send message to server : [0008NQ0201AA]
6/25/2014 7:03:36 PM	Printer status receiving:10, status (Hex):0
6/25/2014 7:03:36 PM	send message to server : [0008NQ020100]
6/25/2014 7:03:36 PM	Printer status receiving:11, status (Hex):1
6/25/2014 7:03:36 PM	send message to server : [0008NQ0201AA]
6/27/2014 1:47:16 AM	Socket error: Connection is aborted due to timeout or other failure
6/27/2014 1:47:16 AM	close existing socket client connection...
6/27/2014 1:47:16 AM	stop printer...
6/27/2014 1:47:16 AM	stop smart payout...
7/1/2014 1:13:17 AM	=======================================
7/1/2014 1:13:17 AM	application started...
7/1/2014 1:13:17 AM	Initialize database & socket client connection...
7/1/2014 1:13:17 AM	connected to server...
7/1/2014 1:13:17 AM	initialize socket client monitoring...
7/1/2014 1:13:17 AM	initialize printer...
7/1/2014 1:13:17 AM	Printer status : True
7/1/2014 1:13:19 AM	initialize printer status monitoring...
7/1/2014 7:14:19 PM	close existing socket client connection...
7/1/2014 7:14:19 PM	stop printer...
7/1/2014 7:14:19 PM	stop smart payout...
7/1/2014 7:15:52 PM	=======================================
7/1/2014 7:15:52 PM	application started...
7/1/2014 7:15:52 PM	Initialize database & socket client connection...
7/1/2014 7:15:53 PM	Socket error: Connection is forcefully rejected
7/1/2014 7:15:53 PM	initialize socket client monitoring...
7/1/2014 7:15:53 PM	initialize printer...
7/1/2014 7:15:53 PM	Printer status : True
7/1/2014 7:15:55 PM	initialize printer status monitoring...
7/1/2014 7:24:41 PM	receive message length from server : [0595]
7/1/2014 7:24:41 PM	receive data from server : [RQ0201  000531^BE    PT. INDO CIPTA GUNA ^C^SL    TANGGAL JAM   : 01/07/2014 19:24 ^C^SL    KIOSK ID      : KIOSK001 ^C^SL    LOKASI        : Lippo Cikarang ^C^SL    NO REF        : 140701000531 ^C^SL ^C^SE    PEMBELIAN VOUCHER FLEXI ^C^SL    NO HANDPHONE  : 03419208000 ^C^SL    NO SERI       : 2014070100001924 ^C^SL    DENOMINASI    : Rp.             5.000 ^C^SL    TOTAL HARGA   : Rp.             6.000 ^C^SL    PEMBAYARAN===========================^C^SL    UANG TUNAI    : Rp.             6.000 ^C^SL ^C^SE    PULSA ANDA AKAN BERTAMBAH SECARA OTOMATIS ^C^SE    TERIMA KASIH ^C^SL ^C^SL ^C^X]
7/1/2014 7:24:41 PM	text to print : [^BE    PT. INDO CIPTA GUNA ^C^SL    TANGGAL JAM   : 01/07/2014 19:24 ^C^SL    KIOSK ID      : KIOSK001 ^C^SL    LOKASI        : Lippo Cikarang ^C^SL    NO REF        : 140701000531 ^C^SL ^C^SE    PEMBELIAN VOUCHER FLEXI ^C^SL    NO HANDPHONE  : 03419208000 ^C^SL    NO SERI       : 2014070100001924 ^C^SL    DENOMINASI    : Rp.             5.000 ^C^SL    TOTAL HARGA   : Rp.             6.000 ^C^SL    PEMBAYARAN===========================^C^SL    UANG TUNAI    : Rp.             6.000 ^C^SL ^C^SE    PULSA ANDA AKAN BERTAMBAH SECARA OTOMATIS ^C^SE    TERIMA KASIH ^C^SL ^C^SL ^C^X]
7/1/2014 7:24:42 PM	send message to server : [0595RS020100000531^BE    PT. INDO CIPTA GUNA ^C^SL    TANGGAL JAM   : 01/07/2014 19:24 ^C^SL    KIOSK ID      : KIOSK001 ^C^SL    LOKASI        : Lippo Cikarang ^C^SL    NO REF        : 140701000531 ^C^SL ^C^SE    PEMBELIAN VOUCHER FLEXI ^C^SL    NO HANDPHONE  : 03419208000 ^C^SL    NO SERI       : 2014070100001924 ^C^SL    DENOMINASI    : Rp.             5.000 ^C^SL    TOTAL HARGA   : Rp.             6.000 ^C^SL    PEMBAYARAN===========================^C^SL    UANG TUNAI    : Rp.             6.000 ^C^SL ^C^SE    PULSA ANDA AKAN BERTAMBAH SECARA OTOMATIS ^C^SE    TERIMA KASIH ^C^SL ^C^SL ^C^X]
7/2/2014 12:31:50 AM	=======================================
7/2/2014 12:31:50 AM	application started...
7/2/2014 12:31:50 AM	Initialize database & socket client connection...
7/2/2014 12:31:50 AM	connected to server...
7/2/2014 12:31:50 AM	initialize socket client monitoring...
7/2/2014 12:31:50 AM	initialize printer...
7/2/2014 12:31:50 AM	Printer status : True
7/2/2014 12:31:52 AM	initialize printer status monitoring...
7/2/2014 12:32:58 AM	=======================================
7/2/2014 12:32:58 AM	application started...
7/2/2014 12:32:58 AM	Initialize database & socket client connection...
7/2/2014 12:32:58 AM	connected to server...
7/2/2014 12:32:58 AM	initialize socket client monitoring...
7/2/2014 12:32:58 AM	initialize printer...
7/2/2014 12:32:58 AM	Printer status : True
7/2/2014 12:33:00 AM	initialize printer status monitoring...
7/2/2014 2:21:25 AM	=======================================
7/2/2014 2:21:25 AM	application started...
7/2/2014 2:21:25 AM	Initialize database & socket client connection...
7/2/2014 2:21:25 AM	connected to server...
7/2/2014 2:21:25 AM	initialize socket client monitoring...
7/2/2014 2:21:25 AM	initialize printer...
7/2/2014 2:27:01 AM	Printer status receiving:1, status (Hex):0
7/2/2014 2:27:01 AM	send message to server : [0008NQ020100]
7/2/2014 2:29:21 AM	Printer status receiving:2, status (Hex):0
7/2/2014 2:29:21 AM	send message to server : [0008NQ020100]
7/2/2014 2:32:51 AM	Printer status receiving:3, status (Hex):28
7/2/2014 2:32:51 AM	send message to server : [0008NQ0201AD]
7/2/2014 2:32:51 AM	send message to server : [0008NQ0201AF]
7/2/2014 2:33:47 AM	=======================================
7/2/2014 2:33:47 AM	application started...
7/2/2014 2:33:47 AM	Initialize database & socket client connection...
7/2/2014 2:33:47 AM	connected to server...
7/2/2014 2:33:47 AM	initialize socket client monitoring...
7/2/2014 2:33:47 AM	initialize printer...
7/2/2014 2:33:47 AM	Printer status : True
7/2/2014 2:33:49 AM	initialize printer status monitoring...
7/2/2014 4:25:03 AM	=======================================
7/2/2014 4:25:03 AM	application started...
7/2/2014 4:25:03 AM	Initialize database & socket client connection...
7/2/2014 4:25:04 AM	Socket error: Connection is forcefully rejected
7/2/2014 4:25:04 AM	initialize socket client monitoring...
7/2/2014 4:25:04 AM	initialize printer...
7/2/2014 4:25:04 AM	Printer status : True
7/2/2014 4:25:06 AM	initialize printer status monitoring...
7/2/2014 4:25:10 AM	Socket error: Connection is forcefully rejected
7/2/2014 4:25:13 AM	Socket error: Connection is forcefully rejected
7/2/2014 4:26:06 AM	=======================================
7/2/2014 4:26:06 AM	application started...
7/2/2014 4:26:06 AM	Initialize database & socket client connection...
7/2/2014 4:26:07 AM	Socket error: Connection is forcefully rejected
7/2/2014 4:26:07 AM	initialize socket client monitoring...
7/2/2014 4:26:07 AM	initialize printer...
7/2/2014 4:26:07 AM	Printer status : True
7/2/2014 4:26:09 AM	initialize printer status monitoring...
7/2/2014 4:26:13 AM	Socket error: Connection is forcefully rejected
7/2/2014 4:26:15 AM	Socket error: Connection is forcefully rejected
7/2/2014 4:28:51 AM	=======================================
7/2/2014 4:28:51 AM	application started...
7/2/2014 4:28:51 AM	Initialize database & socket client connection...
7/2/2014 4:28:52 AM	Socket error: Connection is forcefully rejected
7/2/2014 4:28:52 AM	initialize socket client monitoring...
7/2/2014 4:28:52 AM	initialize printer...
7/2/2014 4:28:52 AM	Printer status : True
7/2/2014 4:28:54 AM	initialize printer status monitoring...
7/2/2014 4:31:17 AM	Socket error: Connection is aborted due to timeout or other failure
7/2/2014 4:32:05 AM	Socket error: Connection is aborted due to timeout or other failure
7/2/2014 4:53:07 AM	receive message length from server : [0595]
7/2/2014 4:53:07 AM	receive data from server : [RQ0201  000540^BE    PT. INDO CIPTA GUNA ^C^SL    TANGGAL JAM   : 02/07/2014 04:53 ^C^SL    KIOSK ID      : KIOSK001 ^C^SL    LOKASI        : Lippo Cikarang ^C^SL    NO REF        : 140702000540 ^C^SL ^C^SE    PEMBELIAN VOUCHER FLEXI ^C^SL    NO HANDPHONE  : 03419208000 ^C^SL    NO SERI       : 2014070200000453 ^C^SL    DENOMINASI    : Rp.             5.000 ^C^SL    TOTAL HARGA   : Rp.             6.000 ^C^SL    PEMBAYARAN===========================^C^SL    UANG TUNAI    : Rp.             6.000 ^C^SL ^C^SE    PULSA ANDA AKAN BERTAMBAH SECARA OTOMATIS ^C^SE    TERIMA KASIH ^C^SL ^C^SL ^C^X]
7/2/2014 4:53:07 AM	text to print : [^BE    PT. INDO CIPTA GUNA ^C^SL    TANGGAL JAM   : 02/07/2014 04:53 ^C^SL    KIOSK ID      : KIOSK001 ^C^SL    LOKASI        : Lippo Cikarang ^C^SL    NO REF        : 140702000540 ^C^SL ^C^SE    PEMBELIAN VOUCHER FLEXI ^C^SL    NO HANDPHONE  : 03419208000 ^C^SL    NO SERI       : 2014070200000453 ^C^SL    DENOMINASI    : Rp.             5.000 ^C^SL    TOTAL HARGA   : Rp.             6.000 ^C^SL    PEMBAYARAN===========================^C^SL    UANG TUNAI    : Rp.             6.000 ^C^SL ^C^SE    PULSA ANDA AKAN BERTAMBAH SECARA OTOMATIS ^C^SE    TERIMA KASIH ^C^SL ^C^SL ^C^X]
7/2/2014 4:53:09 AM	send message to server : [0595RS020100000540^BE    PT. INDO CIPTA GUNA ^C^SL    TANGGAL JAM   : 02/07/2014 04:53 ^C^SL    KIOSK ID      : KIOSK001 ^C^SL    LOKASI        : Lippo Cikarang ^C^SL    NO REF        : 140702000540 ^C^SL ^C^SE    PEMBELIAN VOUCHER FLEXI ^C^SL    NO HANDPHONE  : 03419208000 ^C^SL    NO SERI       : 2014070200000453 ^C^SL    DENOMINASI    : Rp.             5.000 ^C^SL    TOTAL HARGA   : Rp.             6.000 ^C^SL    PEMBAYARAN===========================^C^SL    UANG TUNAI    : Rp.             6.000 ^C^SL ^C^SE    PULSA ANDA AKAN BERTAMBAH SECARA OTOMATIS ^C^SE    TERIMA KASIH ^C^SL ^C^SL ^C^X]
7/2/2014 4:55:14 AM	=======================================
7/2/2014 4:55:14 AM	application started...
7/2/2014 4:55:14 AM	Initialize database & socket client connection...
7/2/2014 4:55:14 AM	connected to server...
7/2/2014 4:55:14 AM	initialize socket client monitoring...
7/2/2014 4:55:14 AM	initialize printer...
7/2/2014 4:55:14 AM	Printer status : True
7/2/2014 4:55:16 AM	initialize printer status monitoring...
7/2/2014 4:56:09 AM	Printer status receiving:1, status (Hex):0
7/2/2014 4:56:09 AM	send message to server : [0008NQ020100]
7/2/2014 4:56:09 AM	Printer status receiving:2, status (Hex):0
7/2/2014 4:56:09 AM	send message to server : [0008NQ020100]
7/2/2014 4:56:09 AM	Printer status receiving:3, status (Hex):0
7/2/2014 4:56:09 AM	send message to server : [0008NQ020100]
7/2/2014 4:56:15 AM	Printer status receiving:4, status (Hex):0
7/2/2014 4:56:15 AM	send message to server : [0008NQ020100]
7/2/2014 4:56:15 AM	Printer status receiving:5, status (Hex):0
7/2/2014 4:56:15 AM	send message to server : [0008NQ020100]
7/2/2014 4:56:15 AM	Printer status receiving:6, status (Hex):80
7/2/2014 4:56:15 AM	Printer status receiving:7, status (Hex):0
7/2/2014 4:56:15 AM	send message to server : [0008NQ020100]
7/2/2014 4:56:15 AM	Printer status receiving:8, status (Hex):0
7/2/2014 4:56:15 AM	send message to server : [0008NQ020100]
7/2/2014 4:56:16 AM	Printer status receiving:9, status (Hex):0
7/2/2014 4:56:16 AM	send message to server : [0008NQ020100]
7/2/2014 4:57:20 AM	Printer status receiving:10, status (Hex):0
7/2/2014 4:57:20 AM	send message to server : [0008NQ020100]
7/2/2014 4:57:24 AM	Printer status receiving:11, status (Hex):8
7/2/2014 4:57:24 AM	send message to server : [0008NQ020100]
7/2/2014 4:57:24 AM	send message to server : [0008NQ0201AD]
7/5/2014 8:14:58 AM	=======================================
7/5/2014 8:14:58 AM	application started...
7/5/2014 8:14:58 AM	Initialize database & socket client connection...
7/5/2014 8:14:59 AM	Socket error: Connection is forcefully rejected
7/5/2014 8:14:59 AM	initialize socket client monitoring...
7/5/2014 8:14:59 AM	initialize printer...
7/5/2014 8:14:59 AM	Printer status : True
7/5/2014 8:15:01 AM	initialize printer status monitoring...
7/5/2014 8:22:15 AM	Socket error: Connection is aborted due to timeout or other failure
7/5/2014 8:22:15 AM	close existing socket client connection...
7/5/2014 8:22:15 AM	stop printer...
7/5/2014 8:22:15 AM	stop smart payout...
7/5/2014 8:23:13 AM	=======================================
7/5/2014 8:23:13 AM	application started...
7/5/2014 8:23:13 AM	Initialize database & socket client connection...
7/5/2014 8:23:14 AM	Socket error: Connection is forcefully rejected
7/5/2014 8:23:14 AM	initialize socket client monitoring...
7/5/2014 8:23:14 AM	initialize printer...
7/5/2014 8:23:14 AM	Printer status : True
7/5/2014 8:23:16 AM	initialize printer status monitoring...
7/5/2014 8:24:35 AM	Socket error: Connection is aborted due to timeout or other failure
7/5/2014 8:24:35 AM	close existing socket client connection...
7/5/2014 8:24:35 AM	stop printer...
7/5/2014 8:24:35 AM	stop smart payout...
