Line 19: Class ShockwaveFlashObjectsCtl.ShockwaveFlash of control ShockwaveFlash1 was not a loaded control class.
Line 25: The property name _cx in ShockwaveFlash1 is invalid.
Line 26: The property name _cy in ShockwaveFlash1 is invalid.
Line 27: The property name FlashVars in ShockwaveFlash1 is invalid.
Line 28: The property name Movie in ShockwaveFlash1 is invalid.
Line 29: The property name Src in ShockwaveFlash1 is invalid.
Line 30: The property name WMode in ShockwaveFlash1 is invalid.
Line 31: The property name Play in ShockwaveFlash1 is invalid.
Line 32: The property name Loop in ShockwaveFlash1 is invalid.
Line 33: The property name Quality in ShockwaveFlash1 is invalid.
Line 34: The property name SAlign in ShockwaveFlash1 is invalid.
Line 35: The property name Menu in ShockwaveFlash1 is invalid.
Line 36: The property name Base in ShockwaveFlash1 is invalid.
Line 37: The property name AllowScriptAccess in ShockwaveFlash1 is invalid.
Line 38: The property name Scale in ShockwaveFlash1 is invalid.
Line 39: The property name DeviceFont in ShockwaveFlash1 is invalid.
Line 40: The property name EmbedMovie in ShockwaveFlash1 is invalid.
Line 41: The property name BGColor in ShockwaveFlash1 is invalid.
Line 42: The property name SWRemote in ShockwaveFlash1 is invalid.
Line 43: The property name MovieData in ShockwaveFlash1 is invalid.
Line 44: The property name SeamlessTabbing in ShockwaveFlash1 is invalid.
Line 45: The property name Profile in ShockwaveFlash1 is invalid.
Line 46: The property name ProfileAddress in ShockwaveFlash1 is invalid.
Line 47: The property name ProfilePort in ShockwaveFlash1 is invalid.
Line 48: The property name AllowNetworking in ShockwaveFlash1 is invalid.
Line 49: The property name AllowFullScreen in ShockwaveFlash1 is invalid.
Line 25: The property name _cx in ShockwaveFlash1 is invalid.
Line 26: The property name _cy in ShockwaveFlash1 is invalid.
Line 27: The property name FlashVars in ShockwaveFlash1 is invalid.
Line 28: The property name Movie in ShockwaveFlash1 is invalid.
Line 29: The property name Src in ShockwaveFlash1 is invalid.
Line 30: The property name WMode in ShockwaveFlash1 is invalid.
Line 31: The property name Play in ShockwaveFlash1 is invalid.
Line 32: The property name Loop in ShockwaveFlash1 is invalid.
Line 33: The property name Quality in ShockwaveFlash1 is invalid.
Line 34: The property name SAlign in ShockwaveFlash1 is invalid.
Line 35: The property name Menu in ShockwaveFlash1 is invalid.
Line 36: The property name Base in ShockwaveFlash1 is invalid.
Line 37: The property name AllowScriptAccess in ShockwaveFlash1 is invalid.
Line 38: The property name Scale in ShockwaveFlash1 is invalid.
Line 39: The property name DeviceFont in ShockwaveFlash1 is invalid.
Line 40: The property name EmbedMovie in ShockwaveFlash1 is invalid.
Line 41: The property name BGColor in ShockwaveFlash1 is invalid.
Line 42: The property name SWRemote in ShockwaveFlash1 is invalid.
Line 43: The property name MovieData in ShockwaveFlash1 is invalid.
Line 44: The property name SeamlessTabbing in ShockwaveFlash1 is invalid.
Line 45: The property name Profile in ShockwaveFlash1 is invalid.
Line 46: The property name ProfileAddress in ShockwaveFlash1 is invalid.
Line 47: The property name ProfilePort in ShockwaveFlash1 is invalid.
Line 48: The property name AllowNetworking in ShockwaveFlash1 is invalid.
Line 49: The property name AllowFullScreen in ShockwaveFlash1 is invalid.
